Arguments: 
  /home/neosiae/.nvm/versions/node/v9.10.1/bin/node /usr/share/yarn/bin/yarn.js add

PATH: 
  /home/neosiae/.nvm/versions/node/v9.10.1/bin:/home/neosiae/bin:/home/neosiae/.local/bin:/usr/local/sbin:/usr/local/bin:/usr/sbin:/usr/bin:/sbin:/bin:/usr/games:/usr/local/games:/snap/bin

Yarn version: 
  1.5.1

Node version: 
  9.10.1

Platform: 
  linux x64

npm manifest: 
  No manifest

yarn manifest: 
  No manifest

Lockfile: 
  No lockfile

Trace: 
  Error: Missing list of packages to add to your project.
      at new MessageError (/usr/share/yarn/lib/cli.js:186:110)
      at Object.<anonymous> (/usr/share/yarn/lib/cli.js:40587:13)
      at Generator.next (<anonymous>)
      at step (/usr/share/yarn/lib/cli.js:98:30)
      at /usr/share/yarn/lib/cli.js:116:14
      at new Promise (<anonymous>)
      at new F (/usr/share/yarn/lib/cli.js:23451:28)
      at Object.<anonymous> (/usr/share/yarn/lib/cli.js:95:12)
      at Object.run (/usr/share/yarn/lib/cli.js:40599:19)
      at run (/usr/share/yarn/lib/cli.js:89113:20)
